{"/Users/luca/Documents/show-episodes-backend/app.js": {"path":"/Users/luca/Documents/show-episodes-backend/app.js","statementMap":{"0":{"start":{"line":3,"column":16},"end":{"line":3,"column":34}},"1":{"start":{"line":5,"column":18},"end":{"line":5,"column":47}},"2":{"start":{"line":7,"column":13},"end":{"line":7,"column":40}},"3":{"start":{"line":9,"column":0},"end":{"line":16,"column":5}},"4":{"start":{"line":12,"column":4},"end":{"line":12,"column":65}},"5":{"start":{"line":15,"column":4},"end":{"line":15,"column":61}},"6":{"start":{"line":18,"column":12},"end":{"line":18,"column":21}},"7":{"start":{"line":20,"column":0},"end":{"line":25,"column":3}},"8":{"start":{"line":21,"column":24},"end":{"line":21,"column":40}},"9":{"start":{"line":22,"column":23},"end":{"line":22,"column":40}},"10":{"start":{"line":23,"column":4},"end":{"line":24,"column":53}},"11":{"start":{"line":24,"column":30},"end":{"line":24,"column":50}},"12":{"start":{"line":27,"column":13},"end":{"line":27,"column":17}},"13":{"start":{"line":29,"column":0},"end":{"line":31,"column":3}},"14":{"start":{"line":30,"column":4},"end":{"line":30,"column":52}},"15":{"start":{"line":33,"column":0},"end":{"line":33,"column":21}}},"fnMap":{"0":{"name":"(anonymous_0)","decl":{"start":{"line":11,"column":8},"end":{"line":11,"column":9}},"loc":{"start":{"line":11,"column":14},"end":{"line":13,"column":3}},"line":11},"1":{"name":"(anonymous_1)","decl":{"start":{"line":14,"column":9},"end":{"line":14,"column":10}},"loc":{"start":{"line":14,"column":16},"end":{"line":16,"column":3}},"line":14},"2":{"name":"(anonymous_2)","decl":{"start":{"line":20,"column":22},"end":{"line":20,"column":23}},"loc":{"start":{"line":20,"column":36},"end":{"line":25,"column":1}},"line":20},"3":{"name":"(anonymous_3)","decl":{"start":{"line":24,"column":14},"end":{"line":24,"column":15}},"loc":{"start":{"line":24,"column":29},"end":{"line":24,"column":51}},"line":24},"4":{"name":"(anonymous_4)","decl":{"start":{"line":29,"column":17},"end":{"line":29,"column":18}},"loc":{"start":{"line":29,"column":23},"end":{"line":31,"column":1}},"line":29}},"branchMap":{},"s":{"0":1,"1":1,"2":1,"3":1,"4":1,"5":0,"6":1,"7":1,"8":1,"9":1,"10":1,"11":1,"12":1,"13":1,"14":1,"15":1},"f":{"0":1,"1":0,"2":1,"3":1,"4":1},"b":{},"_coverageSchema":"332fd63041d2c1bcb487cc26dd0d5f7d97098a6c","hash":"22d581c62fa199ce30099439f9fa8d78a7309c80"}
,"/Users/luca/Documents/show-episodes-backend/config/config.js": {"path":"/Users/luca/Documents/show-episodes-backend/config/config.js","statementMap":{"0":{"start":{"line":3,"column":18},"end":{"line":3,"column":38}},"1":{"start":{"line":5,"column":18},"end":{"line":5,"column":90}},"2":{"start":{"line":7,"column":0},"end":{"line":7,"column":27}}},"fnMap":{},"branchMap":{},"s":{"0":1,"1":1,"2":1},"f":{},"b":{},"_coverageSchema":"332fd63041d2c1bcb487cc26dd0d5f7d97098a6c","hash":"d112495e943a9404bda6c30e30e2f0ae09d29aec"}
,"/Users/luca/Documents/show-episodes-backend/models/show.js": {"path":"/Users/luca/Documents/show-episodes-backend/models/show.js","statementMap":{"0":{"start":{"line":3,"column":18},"end":{"line":3,"column":38}},"1":{"start":{"line":5,"column":18},"end":{"line":5,"column":48}},"2":{"start":{"line":7,"column":13},"end":{"line":13,"column":2}},"3":{"start":{"line":15,"column":0},"end":{"line":15,"column":22}}},"fnMap":{},"branchMap":{},"s":{"0":1,"1":1,"2":1,"3":1},"f":{},"b":{},"_coverageSchema":"332fd63041d2c1bcb487cc26dd0d5f7d97098a6c","hash":"3d00b7fc1cd99dbf3320630a0ceb931d671194ef"}
}
