TN:
SF:/Users/luca/Documents/show-episodes-backend/app.js
FN:11,(anonymous_0)
FN:14,(anonymous_1)
FN:20,(anonymous_2)
FN:24,(anonymous_3)
FN:29,(anonymous_4)
FNF:5
FNH:4
FNDA:1,(anonymous_0)
FNDA:0,(anonymous_1)
FNDA:1,(anonymous_2)
FNDA:1,(anonymous_3)
FNDA:1,(anonymous_4)
DA:3,1
DA:5,1
DA:7,1
DA:9,1
DA:12,1
DA:15,0
DA:18,1
DA:20,1
DA:21,1
DA:22,1
DA:23,1
DA:24,1
DA:27,1
DA:29,1
DA:30,1
DA:33,1
LF:16
LH:15
BRF:0
BRH:0
end_of_record
TN:
SF:/Users/luca/Documents/show-episodes-backend/config/config.js
FNF:0
FNH:0
DA:3,1
DA:5,1
DA:7,1
LF:3
LH:3
BRF:0
BRH:0
end_of_record
TN:
SF:/Users/luca/Documents/show-episodes-backend/models/show.js
FNF:0
FNH:0
DA:3,1
DA:5,1
DA:7,1
DA:15,1
LF:4
LH:4
BRF:0
BRH:0
end_of_record
